#
# A fatal error has been detected by the Java Runtime Environment:
#
#  Internal Error (safepoint.cpp:310), pid=9545, tid=0x0000000000002e03
#  guarantee(PageArmed == 0) failed: invariant
#
# JRE version: Java(TM) SE Runtime Environment (8.0_111-b14) (build 1.8.0_111-b14)
# Java VM: Java HotSpot(TM) 64-Bit Server VM (25.111-b14 mixed mode bsd-amd64 compressed oops)
# Failed to write core dump. Core dumps have been disabled. To enable core dumping, try "ulimit -c unlimited" before starting Java again
#
# If you would like to submit a bug report, please visit:
#   http://bugreport.java.com/bugreport/crash.jsp
#

---------------  T H R E A D  ---------------

Current thread (0x00007fa4d0018800):  VMThread [stack: 0x00007000082ca000,0x00007000083ca000] [id=11779]

Stack: [0x00007000082ca000,0x00007000083ca000],  sp=0x00007000083c9910,  free space=1022k
Native frames: (J=compiled Java code, j=interpreted, Vv=VM code, C=native code)
V  [libjvm.dylib+0x5afbde]  VMError::report_and_die()+0x3f8
V  [libjvm.dylib+0x1e74a3]  report_vm_error(char const*, int, char const*, char const*)+0x54
V  [libjvm.dylib+0x4e0eae]  SafepointSynchronize::begin()+0x2c8
V  [libjvm.dylib+0x5b621b]  VMThread::loop()+0x319
V  [libjvm.dylib+0x5b5b49]  VMThread::run()+0x79
V  [libjvm.dylib+0x489b0a]  java_start(Thread*)+0xf6
C  [libsystem_pthread.dylib+0x3aab]  _pthread_body+0xb4
C  [libsystem_pthread.dylib+0x39f7]  _pthread_body+0x0
C  [libsystem_pthread.dylib+0x31fd]  thread_start+0xd

VM_Operation (0x00007fa4ce50d070): EnableBiasedLocking, mode: async safepoint, requested by thread 0x00007fa4ce816000


---------------  P R O C E S S  ---------------

Java Threads: ( => current thread )
  0x00007fa4d0022800 JavaThread "Monitor Ctrl-Break" daemon [_thread_in_native, id=19971, stack(0x0000700008be5000,0x0000700008ce5000)]
  0x00007fa4cf877800 JavaThread "Service Thread" daemon [_thread_blocked, id=18947, stack(0x00007000089df000,0x0000700008adf000)]
  0x00007fa4cf83e800 JavaThread "C1 CompilerThread2" daemon [_thread_blocked, id=18435, stack(0x00007000088dc000,0x00007000089dc000)]
  0x00007fa4cf00f000 JavaThread "C2 CompilerThread1" daemon [_thread_blocked, id=17923, stack(0x00007000087d9000,0x00007000088d9000)]
  0x00007fa4cf00d800 JavaThread "C2 CompilerThread0" daemon [_thread_blocked, id=17411, stack(0x00007000086d6000,0x00007000087d6000)]
  0x00007fa4cf00c800 JavaThread "Signal Dispatcher" daemon [_thread_blocked, id=16899, stack(0x00007000085d3000,0x00007000086d3000)]
  0x00007fa4cf01c000 JavaThread "Finalizer" daemon [_thread_blocked, id=12803, stack(0x00007000084d0000,0x00007000085d0000)]
  0x00007fa4cf019000 JavaThread "Reference Handler" daemon [_thread_blocked, id=12291, stack(0x00007000083cd000,0x00007000084cd000)]
  0x00007fa4d0007800 JavaThread "main" [_thread_in_Java, id=7427, stack(0x0000700007dbb000,0x0000700007ebb000)]

Other Threads:
=>0x00007fa4d0018800 VMThread [stack: 0x00007000082ca000,0x00007000083ca000] [id=11779]
  0x00007fa4ce816000 WatcherThread [stack: 0x0000700008ae2000,0x0000700008be2000] [id=19459]

VM state:synchronizing (normal execution)

VM Mutex/Monitor currently owned by a thread:  ([mutex/lock_event])
[0x00007fa4ce703440] Safepoint_lock - owner thread: 0x00007fa4d0018800
[0x00007fa4ce7034c0] Threads_lock - owner thread: 0x00007fa4d0018800

Heap:
 PSYoungGen      total 38400K, used 2662K [0x0000000795580000, 0x0000000798000000, 0x00000007c0000000)
  eden space 33280K, 8% used [0x0000000795580000,0x00000007958199c0,0x0000000797600000)
  from space 5120K, 0% used [0x0000000797b00000,0x0000000797b00000,0x0000000798000000)
  to   space 5120K, 0% used [0x0000000797600000,0x0000000797600000,0x0000000797b00000)
 ParOldGen       total 868864K, used 781250K [0x0000000740000000, 0x0000000775080000, 0x0000000795580000)
  object space 868864K, 89% used [0x0000000740000000,0x000000076faf0820,0x0000000775080000)
 Metaspace       used 3212K, capacity 4498K, committed 4864K, reserved 1056768K
  class space    used 355K, capacity 386K, committed 512K, reserved 1048576K

Card table byte_map: [0x000000010e561000,0x000000010e962000] byte_map_base: 0x000000010ab61000

Marking Bits: (ParMarkBitMap*) 0x000000010daefd20
 Begin Bits: [0x000000010ec0d000, 0x0000000110c0d000)
 End Bits:   [0x0000000110c0d000, 0x0000000112c0d000)

Polling page: 0x000000010c811000

CodeCache: size=245760Kb used=1191Kb max_used=1203Kb free=244568Kb
 bounds [0x000000011a7d7000, 0x000000011aa47000, 0x00000001297d7000]
 total_blobs=315 nmethods=73 adapters=156
 compilation: enabled

Compilation events (10 events):
Event: 3.491 Thread 0x00007fa4cf00f000   69       4       com.company.Main::quickSort (92 bytes)
Event: 3.494 Thread 0x00007fa4cf00f000 nmethod 69 0x000000011a8f8f90 code [0x000000011a8f90e0, 0x000000011a8f9378]
Event: 3.764 Thread 0x00007fa4cf83e800   70 %     3       com.company.Main::quickSort @ 20 (92 bytes)
Event: 3.765 Thread 0x00007fa4cf83e800 nmethod 70% 0x000000011a8f9d50 code [0x000000011a8f9f00, 0x000000011a8fa358]
Event: 3.765 Thread 0x00007fa4cf83e800   71       3       com.company.Main::quickSort (92 bytes)
Event: 3.765 Thread 0x00007fa4cf83e800 nmethod 71 0x000000011a902f10 code [0x000000011a9030a0, 0x000000011a903458]
Event: 3.765 Thread 0x00007fa4cf00d800   72 %     4       com.company.Main::quickSort @ 20 (92 bytes)
Event: 3.770 Thread 0x00007fa4cf00d800 nmethod 72% 0x000000011a901290 code [0x000000011a901400, 0x000000011a9017d8]
Event: 3.770 Thread 0x00007fa4cf00f000   73       4       com.company.Main::quickSort (92 bytes)
Event: 3.774 Thread 0x00007fa4cf00f000 nmethod 73 0x000000011a900bd0 code [0x000000011a900d40, 0x000000011a901098]

GC Heap History (0 events):
No events

Deoptimization events (3 events):
Event: 3.199 Thread 0x00007fa4d0007800 Uncommon trap: reason=unstable_if action=reinterpret pc=0x000000011a8f85b4 method=com.company.Main.main([Ljava/lang/String;)V @ 10
Event: 3.674 Thread 0x00007fa4d0007800 Uncommon trap: reason=unstable_if action=reinterpret pc=0x000000011a8f7ed4 method=com.company.Main.quickSort([III)V @ 25
Event: 3.764 Thread 0x00007fa4d0007800 Uncommon trap: reason=unstable_if action=reinterpret pc=0x000000011a8f92d4 method=com.company.Main.quickSort([III)V @ 25

Internal exceptions (2 events):
Event: 0.027 Thread 0x00007fa4d0007800 Exception <a 'java/lang/NoSuchMethodError': Method sun.misc.Unsafe.defineClass(Ljava/lang/String;[BII)Ljava/lang/Class; name or signature does not match> (0x0000000795587c78) thrown at [/Users/java_re/workspace/8-2-build-macosx-x86_64/jdk8u111/7883/hotspo
Event: 0.027 Thread 0x00007fa4d0007800 Exception <a 'java/lang/NoSuchMethodError': Method sun.misc.Unsafe.prefetchRead(Ljava/lang/Object;J)V name or signature does not match> (0x0000000795587f60) thrown at [/Users/java_re/workspace/8-2-build-macosx-x86_64/jdk8u111/7883/hotspot/src/share/vm/pri

Events (10 events):
Event: 3.199 Thread 0x00007fa4d0007800 DEOPT UNPACKING pc=0x000000011a7dc229 sp=0x0000700007eb9f78 mode 2
Event: 3.674 Thread 0x00007fa4d0007800 Uncommon trap: trap_request=0xffffff65 fr.pc=0x000000011a8f7ed4
Event: 3.674 Thread 0x00007fa4d0007800 DEOPT PACKING pc=0x000000011a8f7ed4 sp=0x0000700007eb9ec0
Event: 3.674 Thread 0x00007fa4d0007800 DEOPT UNPACKING pc=0x000000011a7dc229 sp=0x0000700007eb9e90 mode 2
Event: 3.764 Thread 0x00007fa4d0007800 Uncommon trap: trap_request=0xffffff65 fr.pc=0x000000011a8f92d4
Event: 3.764 Thread 0x00007fa4d0007800 DEOPT PACKING pc=0x000000011a8f92d4 sp=0x0000700007eb9e40
Event: 3.764 Thread 0x00007fa4d0007800 DEOPT UNPACKING pc=0x000000011a7dc229 sp=0x0000700007eb9e00 mode 2
Event: 3.770 Thread 0x00007fa4d0007800 DEOPT PACKING pc=0x000000011a8fa239 sp=0x0000700007eb9d90
Event: 3.770 Thread 0x00007fa4d0007800 DEOPT UNPACKING pc=0x000000011a81e633 sp=0x0000700007eb9af0 mode 0
Event: 4.121 Executing VM operation: EnableBiasedLocking


Dynamic libraries:
0x0000000037a88000 	/System/Library/Frameworks/Cocoa.framework/Versions/A/Cocoa
0x0000000037a88000 	/System/Library/Frameworks/Security.framework/Versions/A/Security
0x0000000037a88000 	/System/Library/Frameworks/ApplicationServices.framework/Versions/A/ApplicationServices
0x0000000037a88000 	/usr/lib/libz.1.dylib
0x000000010c043000 	/usr/lib/libSystem.B.dylib
0x0000000037a88000 	/usr/lib/libobjc.A.dylib
0x0000000037a88000 	/System/Library/Frameworks/CoreFoundation.framework/Versions/A/CoreFoundation
0x0000000037a88000 	/System/Library/Frameworks/Foundation.framework/Versions/C/Foundation
0x0000000037a88000 	/System/Library/Frameworks/AppKit.framework/Versions/C/AppKit
0x0000000037a88000 	/System/Library/Frameworks/CoreData.framework/Versions/A/CoreData
0x0000000037a88000 	/System/Library/PrivateFrameworks/RemoteViewServices.framework/Versions/A/RemoteViewServices
0x0000000037a88000 	/System/Library/PrivateFrameworks/UIFoundation.framework/Versions/A/UIFoundation
0x0000000037a88000 	/System/Library/PrivateFrameworks/DFRFoundation.framework/Versions/A/DFRFoundation
0x0000000037a88000 	/usr/lib/libenergytrace.dylib
0x0000000037a88000 	/System/Library/PrivateFrameworks/SkyLight.framework/Versions/A/SkyLight
0x0000000037a88000 	/System/Library/Frameworks/CoreGraphics.framework/Versions/A/CoreGraphics
0x0000000037a88000 	/usr/lib/libScreenReader.dylib
0x0000000037a88000 	/System/Library/Frameworks/Accelerate.framework/Versions/A/Accelerate
0x0000000037a88000 	/System/Library/Frameworks/IOSurface.framework/Versions/A/IOSurface
0x0000000037a88000 	/System/Library/Frameworks/AudioToolbox.framework/Versions/A/AudioToolbox
0x0000000037a88000 	/System/Library/Frameworks/AudioUnit.framework/Versions/A/AudioUnit
0x0000000037a88000 	/System/Library/PrivateFrameworks/DataDetectorsCore.framework/Versions/A/DataDetectorsCore
0x0000000037a88000 	/System/Library/PrivateFrameworks/DesktopServicesPriv.framework/Versions/A/DesktopServicesPriv
0x0000000037a88000 	/System/Library/Frameworks/Carbon.framework/Versions/A/Frameworks/HIToolbox.framework/Versions/A/HIToolbox
0x0000000037a88000 	/usr/lib/libicucore.A.dylib
0x0000000037a88000 	/System/Library/Frameworks/QuartzCore.framework/Versions/A/QuartzCore
0x0000000037a88000 	/System/Library/Frameworks/Carbon.framework/Versions/A/Frameworks/SpeechRecognition.framework/Versions/A/SpeechRecognition
0x0000000037a88000 	/usr/lib/libauto.dylib
0x0000000037a88000 	/usr/lib/libxml2.2.dylib
0x0000000037a88000 	/System/Library/PrivateFrameworks/CoreUI.framework/Versions/A/CoreUI
0x0000000037a88000 	/System/Library/Frameworks/CoreAudio.framework/Versions/A/CoreAudio
0x0000000037a88000 	/System/Library/Frameworks/DiskArbitration.framework/Versions/A/DiskArbitration
0x0000000037a88000 	/usr/lib/liblangid.dylib
0x0000000037a88000 	/System/Library/PrivateFrameworks/MultitouchSupport.framework/Versions/A/MultitouchSupport
0x000000010c04c000 	/System/Library/Frameworks/IOKit.framework/Versions/A/IOKit
0x0000000037a88000 	/usr/lib/libDiagnosticMessagesClient.dylib
0x0000000037a88000 	/System/Library/Frameworks/CoreServices.framework/Versions/A/CoreServices
0x0000000037a88000 	/System/Library/PrivateFrameworks/PerformanceAnalysis.framework/Versions/A/PerformanceAnalysis
0x0000000037a88000 	/System/Library/PrivateFrameworks/GenerationalStorage.framework/Versions/A/GenerationalStorage
0x0000000037a88000 	/System/Library/Frameworks/OpenGL.framework/Versions/A/OpenGL
0x0000000037a88000 	/System/Library/Frameworks/CoreImage.framework/Versions/A/CoreImage
0x0000000037a88000 	/System/Library/Frameworks/CoreText.framework/Versions/A/CoreText
0x0000000037a88000 	/System/Library/Frameworks/ImageIO.framework/Versions/A/ImageIO
0x0000000037a88000 	/System/Library/PrivateFrameworks/Backup.framework/Versions/A/Backup
0x0000000037a88000 	/usr/lib/libarchive.2.dylib
0x000000010c127000 	/System/Library/Frameworks/CFNetwork.framework/Versions/A/CFNetwork
0x0000000037a88000 	/System/Library/Frameworks/SystemConfiguration.framework/Versions/A/SystemConfiguration
0x0000000037a88000 	/usr/lib/libCRFSuite.dylib
0x0000000037a88000 	/usr/lib/libc++.1.dylib
0x0000000037a88000 	/usr/lib/libc++abi.dylib
0x0000000037a88000 	/usr/lib/system/libcache.dylib
0x0000000037a88000 	/usr/lib/system/libcommonCrypto.dylib
0x0000000037a88000 	/usr/lib/system/libcompiler_rt.dylib
0x0000000037a88000 	/usr/lib/system/libcopyfile.dylib
0x0000000037a88000 	/usr/lib/system/libcorecrypto.dylib
0x0000000037a88000 	/usr/lib/system/libdispatch.dylib
0x000000010c812000 	/usr/lib/system/libdyld.dylib
0x0000000037a88000 	/usr/lib/system/libkeymgr.dylib
0x0000000037a88000 	/usr/lib/system/liblaunch.dylib
0x0000000037a88000 	/usr/lib/system/libmacho.dylib
0x0000000037a88000 	/usr/lib/system/libquarantine.dylib
0x0000000037a88000 	/usr/lib/system/libremovefile.dylib
0x0000000037a88000 	/usr/lib/system/libsystem_asl.dylib
0x0000000037a88000 	/usr/lib/system/libsystem_blocks.dylib
0x0000000037a88000 	/usr/lib/system/libsystem_c.dylib
0x0000000037a88000 	/usr/lib/system/libsystem_configuration.dylib
0x0000000037a88000 	/usr/lib/system/libsystem_coreservices.dylib
0x000000010c826000 	/usr/lib/system/libsystem_coretls.dylib
0x0000000037a88000 	/usr/lib/system/libsystem_dnssd.dylib
0x0000000037a88000 	/usr/lib/system/libsystem_info.dylib
0x000000010c84f000 	/usr/lib/system/libsystem_kernel.dylib
0x0000000037a88000 	/usr/lib/system/libsystem_m.dylib
0x0000000037a88000 	/usr/lib/system/libsystem_malloc.dylib
0x0000000037a88000 	/usr/lib/system/libsystem_network.dylib
0x000000010c88b000 	/usr/lib/system/libsystem_networkextension.dylib
0x0000000037a88000 	/usr/lib/system/libsystem_notify.dylib
0x0000000037a88000 	/usr/lib/system/libsystem_platform.dylib
0x0000000037a88000 	/usr/lib/system/libsystem_pthread.dylib
0x000000010c8a4000 	/usr/lib/system/libsystem_sandbox.dylib
0x0000000037a88000 	/usr/lib/system/libsystem_secinit.dylib
0x000000010c8b5000 	/usr/lib/system/libsystem_symptoms.dylib
0x000000010c8c8000 	/usr/lib/system/libsystem_trace.dylib
0x0000000037a88000 	/usr/lib/system/libunwind.dylib
0x0000000037a88000 	/usr/lib/system/libxpc.dylib
0x0000000037a88000 	/usr/lib/libbsm.0.dylib
0x000000010c904000 	/usr/lib/system/libkxld.dylib
0x0000000037a88000 	/usr/lib/libcoretls.dylib
0x0000000037a88000 	/usr/lib/libcoretls_cfhelpers.dylib
0x0000000037a88000 	/usr/lib/libxar.1.dylib
0x0000000037a88000 	/usr/lib/libsqlite3.dylib
0x0000000037a88000 	/usr/lib/libpam.2.dylib
0x0000000037a88000 	/usr/lib/libOpenScriptingUtil.dylib
0x0000000037a88000 	/usr/lib/libbz2.1.0.dylib
0x0000000037a88000 	/usr/lib/liblzma.5.dylib
0x0000000037a88000 	/usr/lib/libnetwork.dylib
0x0000000037a88000 	/usr/lib/libpcap.A.dylib
0x0000000037a88000 	/System/Library/Frameworks/CoreServices.framework/Versions/A/Frameworks/FSEvents.framework/Versions/A/FSEvents
0x0000000037a88000 	/System/Library/Frameworks/CoreServices.framework/Versions/A/Frameworks/CarbonCore.framework/Versions/A/CarbonCore
0x0000000037a88000 	/System/Library/Frameworks/CoreServices.framework/Versions/A/Frameworks/Metadata.framework/Versions/A/Metadata
0x0000000037a88000 	/System/Library/Frameworks/CoreServices.framework/Versions/A/Frameworks/OSServices.framework/Versions/A/OSServices
0x0000000037a88000 	/System/Library/Frameworks/CoreServices.framework/Versions/A/Frameworks/SearchKit.framework/Versions/A/SearchKit
0x0000000037a88000 	/System/Library/Frameworks/CoreServices.framework/Versions/A/Frameworks/AE.framework/Versions/A/AE
0x0000000037a88000 	/System/Library/Frameworks/CoreServices.framework/Versions/A/Frameworks/LaunchServices.framework/Versions/A/LaunchServices
0x0000000037a88000 	/System/Library/Frameworks/CoreServices.framework/Versions/A/Frameworks/DictionaryServices.framework/Versions/A/DictionaryServices
0x0000000037a88000 	/System/Library/Frameworks/CoreServices.framework/Versions/A/Frameworks/SharedFileList.framework/Versions/A/SharedFileList
0x0000000037a88000 	/System/Library/Frameworks/NetFS.framework/Versions/A/NetFS
0x0000000037a88000 	/System/Library/PrivateFrameworks/NetAuth.framework/Versions/A/NetAuth
0x0000000037a88000 	/System/Library/PrivateFrameworks/login.framework/Versions/A/Frameworks/loginsupport.framework/Versions/A/loginsupport
0x0000000037a88000 	/System/Library/PrivateFrameworks/TCC.framework/Versions/A/TCC
0x0000000037a88000 	/usr/lib/libmecabra.dylib
0x0000000037a88000 	/System/Library/Frameworks/ApplicationServices.framework/Versions/A/Frameworks/ATS.framework/Versions/A/ATS
0x0000000037a88000 	/System/Library/Frameworks/ApplicationServices.framework/Versions/A/Frameworks/ColorSync.framework/Versions/A/ColorSync
0x0000000037a88000 	/System/Library/Frameworks/ApplicationServices.framework/Versions/A/Frameworks/HIServices.framework/Versions/A/HIServices
0x0000000037a88000 	/System/Library/Frameworks/ApplicationServices.framework/Versions/A/Frameworks/LangAnalysis.framework/Versions/A/LangAnalysis
0x0000000037a88000 	/System/Library/Frameworks/ApplicationServices.framework/Versions/A/Frameworks/PrintCore.framework/Versions/A/PrintCore
0x0000000037a88000 	/System/Library/Frameworks/ApplicationServices.framework/Versions/A/Frameworks/QD.framework/Versions/A/QD
0x0000000037a88000 	/System/Library/Frameworks/ApplicationServices.framework/Versions/A/Frameworks/SpeechSynthesis.framework/Versions/A/SpeechSynthesis
0x0000000037a88000 	/System/Library/Frameworks/Accelerate.framework/Versions/A/Frameworks/vImage.framework/Versions/A/vImage
0x0000000037a88000 	/System/Library/Frameworks/Accelerate.framework/Versions/A/Frameworks/vecLib.framework/Versions/A/vecLib
0x0000000037a88000 	/System/Library/Frameworks/Accelerate.framework/Versions/A/Frameworks/vecLib.framework/Versions/A/libvDSP.dylib
0x0000000037a88000 	/System/Library/Frameworks/Accelerate.framework/Versions/A/Frameworks/vecLib.framework/Versions/A/libBNNS.dylib
0x0000000037a88000 	/System/Library/Frameworks/Accelerate.framework/Versions/A/Frameworks/vecLib.framework/Versions/A/libQuadrature.dylib
0x0000000037a88000 	/System/Library/Frameworks/Accelerate.framework/Versions/A/Frameworks/vecLib.framework/Versions/A/libvMisc.dylib
0x0000000037a88000 	/System/Library/Frameworks/Accelerate.framework/Versions/A/Frameworks/vecLib.framework/Versions/A/libLAPACK.dylib
0x0000000037a88000 	/System/Library/Frameworks/Accelerate.framework/Versions/A/Frameworks/vecLib.framework/Versions/A/libBLAS.dylib
0x0000000037a88000 	/System/Library/Frameworks/Accelerate.framework/Versions/A/Frameworks/vecLib.framework/Versions/A/libLinearAlgebra.dylib
0x0000000037a88000 	/System/Library/Frameworks/Accelerate.framework/Versions/A/Frameworks/vecLib.framework/Versions/A/libSparseBLAS.dylib
0x0000000037a88000 	/System/Library/Frameworks/ApplicationServices.framework/Versions/A/Frameworks/ATS.framework/Versions/A/Resources/libFontParser.dylib
0x0000000037a88000 	/System/Library/Frameworks/ApplicationServices.framework/Versions/A/Frameworks/ATS.framework/Versions/A/Resources/libFontRegistry.dylib
0x0000000037a88000 	/System/Library/Frameworks/ImageIO.framework/Versions/A/Resources/libJPEG.dylib
0x0000000037a88000 	/System/Library/Frameworks/ImageIO.framework/Versions/A/Resources/libTIFF.dylib
0x0000000037a88000 	/System/Library/Frameworks/ImageIO.framework/Versions/A/Resources/libPng.dylib
0x0000000037a88000 	/System/Library/Frameworks/ImageIO.framework/Versions/A/Resources/libGIF.dylib
0x0000000037a88000 	/System/Library/Frameworks/ImageIO.framework/Versions/A/Resources/libJP2.dylib
0x0000000037a88000 	/System/Library/Frameworks/ImageIO.framework/Versions/A/Resources/libRadiance.dylib
0x0000000037a88000 	/usr/lib/libcompression.dylib
0x0000000037a88000 	/System/Library/PrivateFrameworks/AppleJPEG.framework/Versions/A/AppleJPEG
0x0000000037a88000 	/usr/lib/libcups.2.dylib
0x0000000037a88000 	/System/Library/Frameworks/Kerberos.framework/Versions/A/Kerberos
0x0000000037a88000 	/System/Library/Frameworks/GSS.framework/Versions/A/GSS
0x0000000037a88000 	/usr/lib/libresolv.9.dylib
0x0000000037a88000 	/usr/lib/libiconv.2.dylib
0x0000000037a88000 	/System/Library/PrivateFrameworks/Heimdal.framework/Versions/A/Heimdal
0x0000000037a88000 	/usr/lib/libheimdal-asn1.dylib
0x0000000037a88000 	/System/Library/Frameworks/OpenDirectory.framework/Versions/A/OpenDirectory
0x0000000037a88000 	/System/Library/PrivateFrameworks/CommonAuth.framework/Versions/A/CommonAuth
0x0000000037a88000 	/System/Library/Frameworks/OpenDirectory.framework/Versions/A/Frameworks/CFOpenDirectory.framework/Versions/A/CFOpenDirectory
0x0000000037a88000 	/System/Library/Frameworks/SecurityFoundation.framework/Versions/A/SecurityFoundation
0x0000000037a88000 	/System/Library/PrivateFrameworks/LanguageModeling.framework/Versions/A/LanguageModeling
0x0000000037a88000 	/usr/lib/libmarisa.dylib
0x0000000037a88000 	/usr/lib/libChineseTokenizer.dylib
0x0000000037a88000 	/usr/lib/libcmph.dylib
0x0000000037a88000 	/System/Library/PrivateFrameworks/CoreEmoji.framework/Versions/A/CoreEmoji
0x0000000037a88000 	/System/Library/Frameworks/ServiceManagement.framework/Versions/A/ServiceManagement
0x0000000037a88000 	/usr/lib/libxslt.1.dylib
0x0000000037a88000 	/System/Library/Frameworks/Carbon.framework/Versions/A/Frameworks/Ink.framework/Versions/A/Ink
0x0000000037a88000 	/System/Library/PrivateFrameworks/TextureIO.framework/Versions/A/TextureIO
0x0000000037a88000 	/System/Library/Frameworks/Metal.framework/Versions/A/Metal
0x0000000037a88000 	/usr/lib/libate.dylib
0x0000000037a88000 	/System/Library/PrivateFrameworks/GPUCompiler.framework/libmetal_timestamp.dylib
0x0000000037a88000 	/System/Library/Frameworks/OpenGL.framework/Versions/A/Libraries/libCoreFSCache.dylib
0x0000000037a88000 	/System/Library/PrivateFrameworks/IOAccelerator.framework/Versions/A/IOAccelerator
0x0000000037a88000 	/System/Library/Frameworks/CoreVideo.framework/Versions/A/CoreVideo
0x0000000037a88000 	/usr/lib/libFosl_dynamic.dylib
0x0000000037a88000 	/System/Library/PrivateFrameworks/MetalPerformanceShaders.framework/Versions/A/MetalPerformanceShaders
0x0000000037a88000 	/System/Library/PrivateFrameworks/FaceCore.framework/Versions/A/FaceCore
0x0000000037a88000 	/System/Library/Frameworks/OpenCL.framework/Versions/A/OpenCL
0x0000000037a88000 	/System/Library/Frameworks/OpenGL.framework/Versions/A/Libraries/libGLU.dylib
0x0000000037a88000 	/System/Library/Frameworks/OpenGL.framework/Versions/A/Libraries/libGFXShared.dylib
0x0000000037a88000 	/System/Library/Frameworks/OpenGL.framework/Versions/A/Libraries/libGL.dylib
0x0000000037a88000 	/System/Library/Frameworks/OpenGL.framework/Versions/A/Libraries/libGLImage.dylib
0x0000000037a88000 	/System/Library/Frameworks/OpenGL.framework/Versions/A/Libraries/libCVMSPluginSupport.dylib
0x0000000037a88000 	/System/Library/Frameworks/OpenGL.framework/Versions/A/Libraries/libCoreVMClient.dylib
0x0000000037a88000 	/System/Library/PrivateFrameworks/CrashReporterSupport.framework/Versions/A/CrashReporterSupport
0x0000000037a88000 	/System/Library/PrivateFrameworks/Sharing.framework/Versions/A/Sharing
0x0000000037a88000 	/System/Library/PrivateFrameworks/IconServices.framework/Versions/A/IconServices
0x0000000037a88000 	/System/Library/PrivateFrameworks/ProtocolBuffer.framework/Versions/A/ProtocolBuffer
0x0000000037a88000 	/System/Library/PrivateFrameworks/Apple80211.framework/Versions/A/Apple80211
0x0000000037a88000 	/System/Library/Frameworks/CoreWLAN.framework/Versions/A/CoreWLAN
0x0000000037a88000 	/System/Library/PrivateFrameworks/CoreUtils.framework/Versions/A/CoreUtils
0x0000000037a88000 	/System/Library/Frameworks/IOBluetooth.framework/Versions/A/IOBluetooth
0x0000000037a88000 	/System/Library/PrivateFrameworks/CoreWiFi.framework/Versions/A/CoreWiFi
0x0000000037a88000 	/System/Library/Frameworks/CoreBluetooth.framework/Versions/A/CoreBluetooth
0x0000000037a88000 	/System/Library/Frameworks/CoreDisplay.framework/Versions/A/CoreDisplay
0x0000000037a88000 	/System/Library/PrivateFrameworks/IOPresentment.framework/Versions/A/IOPresentment
0x0000000037a88000 	/System/Library/PrivateFrameworks/DebugSymbols.framework/Versions/A/DebugSymbols
0x0000000037a88000 	/System/Library/PrivateFrameworks/CoreSymbolication.framework/Versions/A/CoreSymbolication
0x0000000037a88000 	/System/Library/PrivateFrameworks/Symbolication.framework/Versions/A/Symbolication
0x0000000037a88000 	/System/Library/PrivateFrameworks/AppleFSCompression.framework/Versions/A/AppleFSCompression
0x0000000037a88000 	/System/Library/PrivateFrameworks/SpeechRecognitionCore.framework/Versions/A/SpeechRecognitionCore
0x0000000037a88000 	/System/Library/PrivateFrameworks/ChunkingLibrary.framework/Versions/A/ChunkingLibrary
0x000000010d200000 	/Library/Java/JavaVirtualMachines/jdk1.8.0_111.jdk/Contents/Home/jre/lib/server/libjvm.dylib
0x0000000037a88000 	/usr/lib/libstdc++.6.dylib
0x000000010c972000 	/Library/Java/JavaVirtualMachines/jdk1.8.0_111.jdk/Contents/Home/jre/lib/libverify.dylib
0x000000010c980000 	/Library/Java/JavaVirtualMachines/jdk1.8.0_111.jdk/Contents/Home/jre/lib/libjava.dylib
0x000000010c9bd000 	/Library/Java/JavaVirtualMachines/jdk1.8.0_111.jdk/Contents/Home/jre/lib/libzip.dylib
0x0000000114adc000 	/System/Library/Frameworks/JavaVM.framework/Frameworks/JavaRuntimeSupport.framework/JavaRuntimeSupport
0x0000000114af6000 	/System/Library/Frameworks/JavaVM.framework/Versions/A/Frameworks/JavaNativeFoundation.framework/Versions/A/JavaNativeFoundation
0x000000010c9ee000 	/System/Library/Frameworks/JavaVM.framework/Versions/A/JavaVM
0x0000000037a88000 	/System/Library/Frameworks/Carbon.framework/Versions/A/Carbon
0x0000000114b0b000 	/System/Library/PrivateFrameworks/JavaLaunching.framework/Versions/A/JavaLaunching
0x0000000037a88000 	/System/Library/Frameworks/Carbon.framework/Versions/A/Frameworks/CommonPanels.framework/Versions/A/CommonPanels
0x0000000037a88000 	/System/Library/Frameworks/Carbon.framework/Versions/A/Frameworks/Help.framework/Versions/A/Help
0x0000000037a88000 	/System/Library/Frameworks/Carbon.framework/Versions/A/Frameworks/ImageCapture.framework/Versions/A/ImageCapture
0x0000000037a88000 	/System/Library/Frameworks/Carbon.framework/Versions/A/Frameworks/OpenScripting.framework/Versions/A/OpenScripting
0x0000000037a88000 	/System/Library/Frameworks/Carbon.framework/Versions/A/Frameworks/Print.framework/Versions/A/Print
0x0000000037a88000 	/System/Library/Frameworks/Carbon.framework/Versions/A/Frameworks/SecurityHI.framework/Versions/A/SecurityHI
0x0000000116512000 	/Applications/IntelliJ IDEA.app/Contents/bin/libbreakgen64.jnilib
0x0000000116515000 	/Library/Java/JavaVirtualMachines/jdk1.8.0_111.jdk/Contents/Home/jre/lib/libnet.dylib

VM Arguments:
jvm_args: -Didea.launcher.port=7550 -Didea.launcher.bin.path=/Applications/IntelliJ IDEA.app/Contents/bin -Dfile.encoding=UTF-8 
java_command: com.intellij.rt.execution.application.AppMain com.company.Main
java_class_path (initial): /Library/Java/JavaVirtualMachines/jdk1.8.0_111.jdk/Contents/Home/jre/lib/charsets.jar:/Library/Java/JavaVirtualMachines/jdk1.8.0_111.jdk/Contents/Home/jre/lib/deploy.jar:/Library/Java/JavaVirtualMachines/jdk1.8.0_111.jdk/Contents/Home/jre/lib/ext/cldrdata.jar:/Library/Java/JavaVirtualMachines/jdk1.8.0_111.jdk/Contents/Home/jre/lib/ext/dnsns.jar:/Library/Java/JavaVirtualMachines/jdk1.8.0_111.jdk/Contents/Home/jre/lib/ext/jaccess.jar:/Library/Java/JavaVirtualMachines/jdk1.8.0_111.jdk/Contents/Home/jre/lib/ext/jfxrt.jar:/Library/Java/JavaVirtualMachines/jdk1.8.0_111.jdk/Contents/Home/jre/lib/ext/localedata.jar:/Library/Java/JavaVirtualMachines/jdk1.8.0_111.jdk/Contents/Home/jre/lib/ext/nashorn.jar:/Library/Java/JavaVirtualMachines/jdk1.8.0_111.jdk/Contents/Home/jre/lib/ext/sunec.jar:/Library/Java/JavaVirtualMachines/jdk1.8.0_111.jdk/Contents/Home/jre/lib/ext/sunjce_provider.jar:/Library/Java/JavaVirtualMachines/jdk1.8.0_111.jdk/Contents/Home/jre/lib/ext/sunpkcs11.jar:/Library/Java/JavaVirtualMachines/jdk1.8.0_111.jdk/Contents/Home/jre/lib/ext/zipfs.jar:/Library/Java/JavaVirtualMachines/jdk1.8.0_111.jdk/Contents/Home/jre/lib/javaws.jar:/Library/Java/JavaVirtualMachines/jdk1.8.0_111.jdk/Contents/Home/jre/lib/jce.jar:/Library/Java/JavaVirtualMachines/jdk1.8.0_111.jdk/Contents/Home/jre/lib/jfr.jar:/Library/Java/JavaVirtualMachines/jdk1.8.0_111.jdk/Contents/Home/jre/lib/jfxswt.jar:/Library/Java/JavaVirtualMachines/jdk1.8.0_111.jdk/Contents/Home/jre/lib/jsse.jar:/Library/Java/JavaVirtualMachines/jdk1.8.0_111.jdk/Contents/Home/jre/lib/management-agent.jar:/Library/Java/JavaVirtualMachines/jdk1.8.0_111.jdk/Contents/Home/jre/lib/plugin.jar:/Library/Java/JavaVirtualMachines/jdk1.8.0_111.jdk/Contents/Home/jre/lib/resources.jar:/Library/Java/JavaVirtualMachines/jdk1.8.0_111.jdk/Contents/Home/jre/lib/rt.jar:/Library/Java/JavaVirtualMachines/jdk1.8.0_111.jdk/Contents/Home/lib/ant-javafx.jar:/Library/Java/JavaVirtualMachines/jdk1.8.0_111.jdk/Contents/Home
Launcher Type: SUN_STANDARD

Environment Variables:
PATH=/usr/local/bin:/usr/bin:/bin:/usr/sbin:/sbin
SHELL=/bin/bash

Signal Handlers:
SIGSEGV: [libjvm.dylib+0x5b03ed], sa_mask[0]=11111111011111110111111111111111, sa_flags=SA_ONSTACK|SA_RESTART|SA_SIGINFO
SIGBUS: [libjvm.dylib+0x5b03ed], sa_mask[0]=11111111011111110111111111111111, sa_flags=SA_RESTART|SA_SIGINFO
SIGFPE: [libjvm.dylib+0x48711c], sa_mask[0]=11111111011111110111111111111111, sa_flags=SA_RESTART|SA_SIGINFO
SIGPIPE: [libjvm.dylib+0x48711c], sa_mask[0]=11111111011111110111111111111111, sa_flags=SA_RESTART|SA_SIGINFO
SIGXFSZ: [libjvm.dylib+0x48711c], sa_mask[0]=11111111011111110111111111111111, sa_flags=SA_RESTART|SA_SIGINFO
SIGILL: [libjvm.dylib+0x48711c], sa_mask[0]=11111111011111110111111111111111, sa_flags=SA_RESTART|SA_SIGINFO
SIGUSR1: SIG_DFL, sa_mask[0]=00000000000000000000000000000000, sa_flags=none
SIGUSR2: [libjvm.dylib+0x486c3a], sa_mask[0]=00100000000000000000000000000000, sa_flags=SA_RESTART|SA_SIGINFO
SIGHUP: [libjvm.dylib+0x485211], sa_mask[0]=11111111011111110111111111111111, sa_flags=SA_RESTART|SA_SIGINFO
SIGINT: [libjvm.dylib+0x485211], sa_mask[0]=11111111011111110111111111111111, sa_flags=SA_RESTART|SA_SIGINFO
SIGTERM: [libjvm.dylib+0x485211], sa_mask[0]=11111111011111110111111111111111, sa_flags=SA_RESTART|SA_SIGINFO
SIGQUIT: [libjvm.dylib+0x485211], sa_mask[0]=11111111011111110111111111111111, sa_flags=SA_RESTART|SA_SIGINFO


---------------  S Y S T E M  ---------------

OS:Bsduname:Darwin 16.4.0 Darwin Kernel Version 16.4.0: Thu Dec 22 22:53:21 PST 2016; root:xnu-3789.41.3~3/RELEASE_X86_64 x86_64
rlimit: STACK 8192k, CORE 0k, NPROC 709, NOFILE 10240, AS infinity
load average:4.59 3.68 3.37

CPU:total 4 (2 cores per cpu, 2 threads per core) family 6 model 61 stepping 4, cmov, cx8, fxsr, mmx, sse, sse2, sse3, ssse3, sse4.1, sse4.2, popcnt, avx, avx2, aes, clmul, erms, 3dnowpref, lzcnt, ht, tsc, tscinvbit, bmi1, bmi2, adx

Memory: 4k page, physical 8388608k(187860k free)

/proc/meminfo:


vm_info: Java HotSpot(TM) 64-Bit Server VM (25.111-b14) for bsd-amd64 JRE (1.8.0_111-b14), built on Sep 22 2016 15:31:41 by "java_re" with gcc 4.2.1 (Based on Apple Inc. build 5658) (LLVM build 2336.11.00)

time: Mon Mar 13 14:52:03 2017
elapsed time: 514 seconds (0d 0h 8m 34s)

